<?xml version="1.0" encoding="UTF-8"?>
<testsuite xmlns:xsi="http://www.w3.org/2001/XMLSchema-instance" xsi:noNamespaceSchemaLocation="https://maven.apache.org/surefire/maven-surefire-plugin/xsd/surefire-test-report.xsd" name="com.itheima.service.BookServiceTestCase" time="0.08" tests="6" errors="0" skipped="0" failures="0">
  <properties>
[...]
</properties>
  <testcase name="testSave" classname="com.itheima.service.BookServiceTestCase" time="0.012"/>
  <testcase name="testGetByID" classname="com.itheima.service.BookServiceTestCase" time="0.006"/>
  <testcase name="testGetPage" classname="com.itheima.service.BookServiceTestCase" time="0.015"/>
  <testcase name="testDelete" classname="com.itheima.service.BookServiceTestCase" time="0.006"/>
  <testcase name="testGetAll" classname="com.itheima.service.BookServiceTestCase" time="0.008"/>
  <testcase name="testUpdate" classname="com.itheima.service.BookServiceTestCase" time="0.015"/>
</testsuite>